Step 2 starting
timeout: invalid time interval ‘/t’
Try 'timeout --help' for more information.
Step 2 progress 10%
timeout: invalid time interval ‘/t’
Try 'timeout --help' for more information.
Step 2 progress 20%
timeout: invalid time interval ‘/t’
Try 'timeout --help' for more information.
Step 2 progress 30%
timeout: invalid time interval ‘/t’
Try 'timeout --help' for more information.
Step 2 progress 40%
timeout: invalid time interval ‘/t’
Try 'timeout --help' for more information.
Step 2 progress 50%
Step 2 complete
=== Batch Execution Log ===
Script: flow_tests\system_flow\batches\step2.bat
Start Time: 2026-01-15T19:54:23.043946
==================================================


==================================================
End Time: 2026-01-15T19:54:23.102994
Exit Code: 0
