Step 3 starting
timeout: invalid time interval ‘/t’
Try 'timeout --help' for more information.
Step 3 progress 10%
timeout: invalid time interval ‘/t’
Try 'timeout --help' for more information.
Step 3 progress 20%
timeout: invalid time interval ‘/t’
Try 'timeout --help' for more information.
Step 3 progress 30%
timeout: invalid time interval ‘/t’
Try 'timeout --help' for more information.
Step 3 progress 40%
timeout: invalid time interval ‘/t’
Try 'timeout --help' for more information.
Step 3 progress 50%
Step 3 complete
=== Batch Execution Log ===
Script: flow_tests\system_flow\batches\step3.bat
Start Time: 2026-01-15T19:54:23.102994
==================================================


==================================================
End Time: 2026-01-15T19:54:23.161703
Exit Code: 0
