Step 1 starting
timeout: invalid time interval ‘/t’
Try 'timeout --help' for more information.
Step 1 progress 10%
timeout: invalid time interval ‘/t’
Try 'timeout --help' for more information.
Step 1 progress 20%
timeout: invalid time interval ‘/t’
Try 'timeout --help' for more information.
Step 1 progress 30%
timeout: invalid time interval ‘/t’
Try 'timeout --help' for more information.
Step 1 progress 40%
timeout: invalid time interval ‘/t’
Try 'timeout --help' for more information.
Step 1 progress 50%
Step 1 complete
=== Batch Execution Log ===
Script: flow_tests\system_flow\batches\step1.bat
Start Time: 2026-01-15T19:54:22.966454
==================================================


==================================================
End Time: 2026-01-15T19:54:23.043946
Exit Code: 0
